2022-06-02 16:07:36.860 [info] <0.44.0> Application logger started on node nonode@nohost
2022-06-02 16:07:36.862 [info] <0.44.0> Application xmerl started on node nonode@nohost
2022-06-02 16:07:36.866 [info] <0.44.0> Application sasl started on node nonode@nohost
2022-06-02 16:07:36.866 [info] <0.44.0> Application tools started on node nonode@nohost
2022-06-02 16:07:36.866 [info] <0.44.0> Application jsx started on node nonode@nohost
2022-06-02 16:07:36.866 [info] <0.44.0> Application recon started on node nonode@nohost
2022-06-02 16:07:36.913 [info] <0.44.0> Application credentials_obfuscation started on node nonode@nohost
2022-06-02 16:07:36.913 [info] <0.44.0> Application rabbit_common started on node nonode@nohost
2022-06-02 16:07:36.920 [info] <0.44.0> Application amqp_client started on node nonode@nohost
2022-06-02 16:07:36.923 [info] <0.44.0> Application amqp started on node nonode@nohost
2022-06-02 16:07:36.924 [info] <0.44.0> Application rabbitmq_tutorials started on node nonode@nohost
2022-06-02 16:12:18.169 [info] <0.44.0> Application logger started on node nonode@nohost
2022-06-02 16:12:18.178 [info] <0.44.0> Application xmerl started on node nonode@nohost
2022-06-02 16:12:18.178 [info] <0.44.0> Application sasl started on node nonode@nohost
2022-06-02 16:12:18.178 [info] <0.44.0> Application tools started on node nonode@nohost
2022-06-02 16:12:18.178 [info] <0.44.0> Application jsx started on node nonode@nohost
2022-06-02 16:12:18.178 [info] <0.44.0> Application recon started on node nonode@nohost
2022-06-02 16:12:18.231 [info] <0.44.0> Application credentials_obfuscation started on node nonode@nohost
2022-06-02 16:12:18.231 [info] <0.44.0> Application rabbit_common started on node nonode@nohost
2022-06-02 16:12:18.241 [info] <0.44.0> Application amqp_client started on node nonode@nohost
2022-06-02 16:12:18.244 [info] <0.44.0> Application amqp started on node nonode@nohost
2022-06-02 16:12:18.244 [info] <0.44.0> Application rabbitmq_tutorials started on node nonode@nohost
2022-06-02 16:12:59.865 [info] <0.44.0> Application logger started on node nonode@nohost
2022-06-02 16:12:59.873 [info] <0.44.0> Application xmerl started on node nonode@nohost
2022-06-02 16:12:59.873 [info] <0.44.0> Application sasl started on node nonode@nohost
2022-06-02 16:12:59.873 [info] <0.44.0> Application tools started on node nonode@nohost
2022-06-02 16:12:59.873 [info] <0.44.0> Application jsx started on node nonode@nohost
2022-06-02 16:12:59.873 [info] <0.44.0> Application recon started on node nonode@nohost
2022-06-02 16:12:59.915 [info] <0.44.0> Application credentials_obfuscation started on node nonode@nohost
2022-06-02 16:12:59.915 [info] <0.44.0> Application rabbit_common started on node nonode@nohost
2022-06-02 16:12:59.924 [info] <0.44.0> Application amqp_client started on node nonode@nohost
2022-06-02 16:12:59.926 [info] <0.44.0> Application amqp started on node nonode@nohost
2022-06-02 16:12:59.926 [info] <0.44.0> Application rabbitmq_tutorials started on node nonode@nohost
2022-06-02 16:17:41.141 [info] <0.44.0> Application logger started on node nonode@nohost
2022-06-02 16:17:41.147 [info] <0.44.0> Application xmerl started on node nonode@nohost
2022-06-02 16:17:41.147 [info] <0.44.0> Application sasl started on node nonode@nohost
2022-06-02 16:17:41.147 [info] <0.44.0> Application tools started on node nonode@nohost
2022-06-02 16:17:41.147 [info] <0.44.0> Application jsx started on node nonode@nohost
2022-06-02 16:17:41.147 [info] <0.44.0> Application recon started on node nonode@nohost
2022-06-02 16:17:41.188 [info] <0.44.0> Application credentials_obfuscation started on node nonode@nohost
2022-06-02 16:17:41.188 [info] <0.44.0> Application rabbit_common started on node nonode@nohost
2022-06-02 16:17:41.197 [info] <0.44.0> Application amqp_client started on node nonode@nohost
2022-06-02 16:17:41.199 [info] <0.44.0> Application amqp started on node nonode@nohost
2022-06-02 16:17:41.199 [info] <0.44.0> Application rabbitmq_tutorials started on node nonode@nohost
2022-06-02 16:19:38.431 [info] <0.44.0> Application logger started on node nonode@nohost
2022-06-02 16:19:38.436 [info] <0.44.0> Application xmerl started on node nonode@nohost
2022-06-02 16:19:38.438 [info] <0.44.0> Application sasl started on node nonode@nohost
2022-06-02 16:19:38.438 [info] <0.44.0> Application tools started on node nonode@nohost
2022-06-02 16:19:38.438 [info] <0.44.0> Application jsx started on node nonode@nohost
2022-06-02 16:19:38.438 [info] <0.44.0> Application recon started on node nonode@nohost
2022-06-02 16:19:38.478 [info] <0.44.0> Application credentials_obfuscation started on node nonode@nohost
2022-06-02 16:19:38.478 [info] <0.44.0> Application rabbit_common started on node nonode@nohost
2022-06-02 16:19:38.492 [info] <0.44.0> Application amqp_client started on node nonode@nohost
2022-06-02 16:19:38.495 [info] <0.44.0> Application amqp started on node nonode@nohost
2022-06-02 16:19:38.495 [info] <0.44.0> Application rabbitmq_tutorials started on node nonode@nohost
2022-06-02 16:19:53.362 [info] <0.44.0> Application logger started on node nonode@nohost
2022-06-02 16:19:53.372 [info] <0.44.0> Application xmerl started on node nonode@nohost
2022-06-02 16:19:53.372 [info] <0.44.0> Application sasl started on node nonode@nohost
2022-06-02 16:19:53.372 [info] <0.44.0> Application tools started on node nonode@nohost
2022-06-02 16:19:53.372 [info] <0.44.0> Application jsx started on node nonode@nohost
2022-06-02 16:19:53.372 [info] <0.44.0> Application recon started on node nonode@nohost
2022-06-02 16:19:53.428 [info] <0.44.0> Application credentials_obfuscation started on node nonode@nohost
2022-06-02 16:19:53.428 [info] <0.44.0> Application rabbit_common started on node nonode@nohost
2022-06-02 16:19:53.437 [info] <0.44.0> Application amqp_client started on node nonode@nohost
2022-06-02 16:19:53.443 [info] <0.44.0> Application amqp started on node nonode@nohost
2022-06-02 16:19:53.443 [info] <0.44.0> Application rabbitmq_tutorials started on node nonode@nohost
2022-06-02 16:20:09.917 [info] <0.44.0> Application logger started on node nonode@nohost
2022-06-02 16:20:09.924 [info] <0.44.0> Application xmerl started on node nonode@nohost
2022-06-02 16:20:09.925 [info] <0.44.0> Application sasl started on node nonode@nohost
2022-06-02 16:20:09.925 [info] <0.44.0> Application tools started on node nonode@nohost
2022-06-02 16:20:09.925 [info] <0.44.0> Application jsx started on node nonode@nohost
2022-06-02 16:20:09.925 [info] <0.44.0> Application recon started on node nonode@nohost
2022-06-02 16:20:09.977 [info] <0.44.0> Application credentials_obfuscation started on node nonode@nohost
2022-06-02 16:20:09.977 [info] <0.44.0> Application rabbit_common started on node nonode@nohost
2022-06-02 16:20:09.986 [info] <0.44.0> Application amqp_client started on node nonode@nohost
2022-06-02 16:20:09.989 [info] <0.44.0> Application amqp started on node nonode@nohost
2022-06-02 16:20:09.989 [info] <0.44.0> Application rabbitmq_tutorials started on node nonode@nohost
2022-06-02 16:23:46.062 [info] <0.44.0> Application logger started on node nonode@nohost
2022-06-02 16:23:46.067 [info] <0.44.0> Application xmerl started on node nonode@nohost
2022-06-02 16:23:46.067 [info] <0.44.0> Application sasl started on node nonode@nohost
2022-06-02 16:23:46.068 [info] <0.44.0> Application tools started on node nonode@nohost
2022-06-02 16:23:46.068 [info] <0.44.0> Application jsx started on node nonode@nohost
2022-06-02 16:23:46.068 [info] <0.44.0> Application recon started on node nonode@nohost
2022-06-02 16:23:46.109 [info] <0.44.0> Application credentials_obfuscation started on node nonode@nohost
2022-06-02 16:23:46.109 [info] <0.44.0> Application rabbit_common started on node nonode@nohost
2022-06-02 16:23:46.116 [info] <0.44.0> Application amqp_client started on node nonode@nohost
2022-06-02 16:23:46.119 [info] <0.44.0> Application amqp started on node nonode@nohost
2022-06-02 16:23:46.119 [info] <0.44.0> Application rabbitmq_tutorials started on node nonode@nohost
2022-06-02 16:23:57.942 [info] <0.44.0> Application logger started on node nonode@nohost
2022-06-02 16:23:57.948 [info] <0.44.0> Application xmerl started on node nonode@nohost
2022-06-02 16:23:57.948 [info] <0.44.0> Application sasl started on node nonode@nohost
2022-06-02 16:23:57.948 [info] <0.44.0> Application tools started on node nonode@nohost
2022-06-02 16:23:57.948 [info] <0.44.0> Application jsx started on node nonode@nohost
2022-06-02 16:23:57.948 [info] <0.44.0> Application recon started on node nonode@nohost
2022-06-02 16:23:57.992 [info] <0.44.0> Application credentials_obfuscation started on node nonode@nohost
2022-06-02 16:23:57.992 [info] <0.44.0> Application rabbit_common started on node nonode@nohost
2022-06-02 16:23:57.999 [info] <0.44.0> Application amqp_client started on node nonode@nohost
2022-06-02 16:23:58.003 [info] <0.44.0> Application amqp started on node nonode@nohost
2022-06-02 16:23:58.003 [info] <0.44.0> Application rabbitmq_tutorials started on node nonode@nohost
2022-06-02 16:24:01.033 [info] <0.44.0> Application logger started on node nonode@nohost
2022-06-02 16:24:01.038 [info] <0.44.0> Application xmerl started on node nonode@nohost
2022-06-02 16:24:01.038 [info] <0.44.0> Application sasl started on node nonode@nohost
2022-06-02 16:24:01.038 [info] <0.44.0> Application tools started on node nonode@nohost
2022-06-02 16:24:01.038 [info] <0.44.0> Application jsx started on node nonode@nohost
2022-06-02 16:24:01.038 [info] <0.44.0> Application recon started on node nonode@nohost
2022-06-02 16:24:01.080 [info] <0.44.0> Application credentials_obfuscation started on node nonode@nohost
2022-06-02 16:24:01.081 [info] <0.44.0> Application rabbit_common started on node nonode@nohost
2022-06-02 16:24:01.092 [info] <0.44.0> Application amqp_client started on node nonode@nohost
2022-06-02 16:24:01.096 [info] <0.44.0> Application amqp started on node nonode@nohost
2022-06-02 16:24:01.096 [info] <0.44.0> Application rabbitmq_tutorials started on node nonode@nohost
2022-06-02 16:24:11.353 [info] <0.44.0> Application logger started on node nonode@nohost
2022-06-02 16:24:11.358 [info] <0.44.0> Application xmerl started on node nonode@nohost
2022-06-02 16:24:11.358 [info] <0.44.0> Application sasl started on node nonode@nohost
2022-06-02 16:24:11.358 [info] <0.44.0> Application tools started on node nonode@nohost
2022-06-02 16:24:11.358 [info] <0.44.0> Application jsx started on node nonode@nohost
2022-06-02 16:24:11.358 [info] <0.44.0> Application recon started on node nonode@nohost
2022-06-02 16:24:11.410 [info] <0.44.0> Application credentials_obfuscation started on node nonode@nohost
2022-06-02 16:24:11.410 [info] <0.44.0> Application rabbit_common started on node nonode@nohost
2022-06-02 16:24:11.418 [info] <0.44.0> Application amqp_client started on node nonode@nohost
2022-06-02 16:24:11.421 [info] <0.44.0> Application amqp started on node nonode@nohost
2022-06-02 16:24:11.421 [info] <0.44.0> Application rabbitmq_tutorials started on node nonode@nohost
2022-06-02 16:26:32.988 [info] <0.44.0> Application logger started on node nonode@nohost
2022-06-02 16:26:32.990 [info] <0.44.0> Application xmerl started on node nonode@nohost
2022-06-02 16:26:32.995 [info] <0.44.0> Application sasl started on node nonode@nohost
2022-06-02 16:26:32.995 [info] <0.44.0> Application tools started on node nonode@nohost
2022-06-02 16:26:32.995 [info] <0.44.0> Application jsx started on node nonode@nohost
2022-06-02 16:26:32.996 [info] <0.44.0> Application recon started on node nonode@nohost
2022-06-02 16:26:33.036 [info] <0.44.0> Application credentials_obfuscation started on node nonode@nohost
2022-06-02 16:26:33.036 [info] <0.44.0> Application rabbit_common started on node nonode@nohost
2022-06-02 16:26:33.043 [info] <0.44.0> Application amqp_client started on node nonode@nohost
2022-06-02 16:26:33.046 [info] <0.44.0> Application amqp started on node nonode@nohost
2022-06-02 16:26:33.046 [info] <0.44.0> Application rabbitmq_tutorials started on node nonode@nohost
2022-06-02 16:26:43.370 [info] <0.44.0> Application logger started on node nonode@nohost
2022-06-02 16:26:43.375 [info] <0.44.0> Application xmerl started on node nonode@nohost
2022-06-02 16:26:43.375 [info] <0.44.0> Application sasl started on node nonode@nohost
2022-06-02 16:26:43.375 [info] <0.44.0> Application tools started on node nonode@nohost
2022-06-02 16:26:43.375 [info] <0.44.0> Application jsx started on node nonode@nohost
2022-06-02 16:26:43.375 [info] <0.44.0> Application recon started on node nonode@nohost
2022-06-02 16:26:43.423 [info] <0.44.0> Application credentials_obfuscation started on node nonode@nohost
2022-06-02 16:26:43.423 [info] <0.44.0> Application rabbit_common started on node nonode@nohost
2022-06-02 16:26:43.432 [info] <0.44.0> Application amqp_client started on node nonode@nohost
2022-06-02 16:26:43.434 [info] <0.44.0> Application amqp started on node nonode@nohost
2022-06-02 16:26:43.434 [info] <0.44.0> Application rabbitmq_tutorials started on node nonode@nohost
2022-06-02 16:57:50.822 [info] <0.44.0> Application logger started on node nonode@nohost
2022-06-02 16:57:50.827 [info] <0.44.0> Application xmerl started on node nonode@nohost
2022-06-02 16:57:50.827 [info] <0.44.0> Application sasl started on node nonode@nohost
2022-06-02 16:57:50.827 [info] <0.44.0> Application tools started on node nonode@nohost
2022-06-02 16:57:50.827 [info] <0.44.0> Application jsx started on node nonode@nohost
2022-06-02 16:57:50.827 [info] <0.44.0> Application recon started on node nonode@nohost
2022-06-02 16:57:50.869 [info] <0.44.0> Application credentials_obfuscation started on node nonode@nohost
2022-06-02 16:57:50.870 [info] <0.44.0> Application rabbit_common started on node nonode@nohost
2022-06-02 16:57:50.877 [info] <0.44.0> Application amqp_client started on node nonode@nohost
2022-06-02 16:57:50.879 [info] <0.44.0> Application amqp started on node nonode@nohost
2022-06-02 16:57:50.879 [info] <0.44.0> Application rabbitmq_tutorials started on node nonode@nohost
2022-06-02 16:59:11.693 [info] <0.44.0> Application logger started on node nonode@nohost
2022-06-02 16:59:11.698 [info] <0.44.0> Application xmerl started on node nonode@nohost
2022-06-02 16:59:11.699 [info] <0.44.0> Application sasl started on node nonode@nohost
2022-06-02 16:59:11.699 [info] <0.44.0> Application tools started on node nonode@nohost
2022-06-02 16:59:11.699 [info] <0.44.0> Application jsx started on node nonode@nohost
2022-06-02 16:59:11.699 [info] <0.44.0> Application recon started on node nonode@nohost
2022-06-02 16:59:11.748 [info] <0.44.0> Application credentials_obfuscation started on node nonode@nohost
2022-06-02 16:59:11.748 [info] <0.44.0> Application rabbit_common started on node nonode@nohost
2022-06-02 16:59:11.757 [info] <0.44.0> Application amqp_client started on node nonode@nohost
2022-06-02 16:59:11.759 [info] <0.44.0> Application amqp started on node nonode@nohost
2022-06-02 16:59:11.759 [info] <0.44.0> Application rabbitmq_tutorials started on node nonode@nohost
2022-06-02 16:59:46.100 [info] <0.44.0> Application logger started on node nonode@nohost
2022-06-02 16:59:46.109 [info] <0.44.0> Application xmerl started on node nonode@nohost
2022-06-02 16:59:46.110 [info] <0.44.0> Application sasl started on node nonode@nohost
2022-06-02 16:59:46.111 [info] <0.44.0> Application tools started on node nonode@nohost
2022-06-02 16:59:46.112 [info] <0.44.0> Application jsx started on node nonode@nohost
2022-06-02 16:59:46.112 [info] <0.44.0> Application recon started on node nonode@nohost
2022-06-02 16:59:46.161 [info] <0.44.0> Application credentials_obfuscation started on node nonode@nohost
2022-06-02 16:59:46.161 [info] <0.44.0> Application rabbit_common started on node nonode@nohost
2022-06-02 16:59:46.168 [info] <0.44.0> Application amqp_client started on node nonode@nohost
2022-06-02 16:59:46.171 [info] <0.44.0> Application amqp started on node nonode@nohost
2022-06-02 16:59:46.171 [info] <0.44.0> Application rabbitmq_tutorials started on node nonode@nohost
2022-06-02 17:10:05.293 [info] <0.44.0> Application logger started on node nonode@nohost
2022-06-02 17:10:05.299 [info] <0.44.0> Application xmerl started on node nonode@nohost
2022-06-02 17:10:05.299 [info] <0.44.0> Application sasl started on node nonode@nohost
2022-06-02 17:10:05.299 [info] <0.44.0> Application tools started on node nonode@nohost
2022-06-02 17:10:05.299 [info] <0.44.0> Application jsx started on node nonode@nohost
2022-06-02 17:10:05.299 [info] <0.44.0> Application recon started on node nonode@nohost
2022-06-02 17:10:05.349 [info] <0.44.0> Application credentials_obfuscation started on node nonode@nohost
2022-06-02 17:10:05.349 [info] <0.44.0> Application rabbit_common started on node nonode@nohost
2022-06-02 17:10:05.363 [info] <0.44.0> Application amqp_client started on node nonode@nohost
2022-06-02 17:10:05.366 [info] <0.44.0> Application amqp started on node nonode@nohost
2022-06-02 17:10:05.366 [info] <0.44.0> Application rabbitmq_tutorials started on node nonode@nohost
2022-06-02 17:13:50.090 [info] <0.44.0> Application logger started on node nonode@nohost
2022-06-02 17:13:50.096 [info] <0.44.0> Application xmerl started on node nonode@nohost
2022-06-02 17:13:50.096 [info] <0.44.0> Application sasl started on node nonode@nohost
2022-06-02 17:13:50.096 [info] <0.44.0> Application tools started on node nonode@nohost
2022-06-02 17:13:50.096 [info] <0.44.0> Application jsx started on node nonode@nohost
2022-06-02 17:13:50.096 [info] <0.44.0> Application recon started on node nonode@nohost
2022-06-02 17:13:50.139 [info] <0.44.0> Application credentials_obfuscation started on node nonode@nohost
2022-06-02 17:13:50.139 [info] <0.44.0> Application rabbit_common started on node nonode@nohost
2022-06-02 17:13:50.152 [info] <0.44.0> Application amqp_client started on node nonode@nohost
2022-06-02 17:13:50.156 [info] <0.44.0> Application amqp started on node nonode@nohost
2022-06-02 17:13:50.156 [info] <0.44.0> Application rabbitmq_tutorials started on node nonode@nohost
2022-06-02 17:14:28.415 [info] <0.44.0> Application logger started on node nonode@nohost
2022-06-02 17:14:28.422 [info] <0.44.0> Application xmerl started on node nonode@nohost
2022-06-02 17:14:28.422 [info] <0.44.0> Application sasl started on node nonode@nohost
2022-06-02 17:14:28.422 [info] <0.44.0> Application tools started on node nonode@nohost
2022-06-02 17:14:28.422 [info] <0.44.0> Application jsx started on node nonode@nohost
2022-06-02 17:14:28.422 [info] <0.44.0> Application recon started on node nonode@nohost
2022-06-02 17:14:28.466 [info] <0.44.0> Application credentials_obfuscation started on node nonode@nohost
2022-06-02 17:14:28.466 [info] <0.44.0> Application rabbit_common started on node nonode@nohost
2022-06-02 17:14:28.474 [info] <0.44.0> Application amqp_client started on node nonode@nohost
2022-06-02 17:14:28.476 [info] <0.44.0> Application amqp started on node nonode@nohost
2022-06-02 17:14:28.476 [info] <0.44.0> Application rabbitmq_tutorials started on node nonode@nohost
2022-06-02 17:15:55.842 [info] <0.44.0> Application logger started on node nonode@nohost
2022-06-02 17:15:55.846 [info] <0.44.0> Application xmerl started on node nonode@nohost
2022-06-02 17:15:55.852 [info] <0.44.0> Application sasl started on node nonode@nohost
2022-06-02 17:15:55.852 [info] <0.44.0> Application tools started on node nonode@nohost
2022-06-02 17:15:55.852 [info] <0.44.0> Application jsx started on node nonode@nohost
2022-06-02 17:15:55.852 [info] <0.44.0> Application recon started on node nonode@nohost
2022-06-02 17:15:55.896 [info] <0.44.0> Application credentials_obfuscation started on node nonode@nohost
2022-06-02 17:15:55.896 [info] <0.44.0> Application rabbit_common started on node nonode@nohost
2022-06-02 17:15:55.904 [info] <0.44.0> Application amqp_client started on node nonode@nohost
2022-06-02 17:15:55.908 [info] <0.44.0> Application amqp started on node nonode@nohost
2022-06-02 17:15:55.908 [info] <0.44.0> Application rabbitmq_tutorials started on node nonode@nohost
2022-06-02 17:15:59.919 [info] <0.44.0> Application logger started on node nonode@nohost
2022-06-02 17:15:59.925 [info] <0.44.0> Application xmerl started on node nonode@nohost
2022-06-02 17:15:59.925 [info] <0.44.0> Application sasl started on node nonode@nohost
2022-06-02 17:15:59.925 [info] <0.44.0> Application tools started on node nonode@nohost
2022-06-02 17:15:59.925 [info] <0.44.0> Application jsx started on node nonode@nohost
2022-06-02 17:15:59.925 [info] <0.44.0> Application recon started on node nonode@nohost
2022-06-02 17:15:59.973 [info] <0.44.0> Application credentials_obfuscation started on node nonode@nohost
2022-06-02 17:15:59.973 [info] <0.44.0> Application rabbit_common started on node nonode@nohost
2022-06-02 17:15:59.981 [info] <0.44.0> Application amqp_client started on node nonode@nohost
2022-06-02 17:15:59.984 [info] <0.44.0> Application amqp started on node nonode@nohost
2022-06-02 17:15:59.984 [info] <0.44.0> Application rabbitmq_tutorials started on node nonode@nohost
2022-06-02 17:18:42.107 [info] <0.44.0> Application logger started on node nonode@nohost
2022-06-02 17:18:42.113 [info] <0.44.0> Application xmerl started on node nonode@nohost
2022-06-02 17:18:42.113 [info] <0.44.0> Application sasl started on node nonode@nohost
2022-06-02 17:18:42.114 [info] <0.44.0> Application tools started on node nonode@nohost
2022-06-02 17:18:42.114 [info] <0.44.0> Application jsx started on node nonode@nohost
2022-06-02 17:18:42.114 [info] <0.44.0> Application recon started on node nonode@nohost
2022-06-02 17:18:42.156 [info] <0.44.0> Application credentials_obfuscation started on node nonode@nohost
2022-06-02 17:18:42.157 [info] <0.44.0> Application rabbit_common started on node nonode@nohost
2022-06-02 17:18:42.170 [info] <0.44.0> Application amqp_client started on node nonode@nohost
2022-06-02 17:18:42.172 [info] <0.44.0> Application amqp started on node nonode@nohost
2022-06-02 17:18:42.173 [info] <0.44.0> Application rabbitmq_tutorials started on node nonode@nohost
2022-06-02 17:18:46.944 [info] <0.44.0> Application logger started on node nonode@nohost
2022-06-02 17:18:46.949 [info] <0.44.0> Application xmerl started on node nonode@nohost
2022-06-02 17:18:46.950 [info] <0.44.0> Application sasl started on node nonode@nohost
2022-06-02 17:18:46.950 [info] <0.44.0> Application tools started on node nonode@nohost
2022-06-02 17:18:46.950 [info] <0.44.0> Application jsx started on node nonode@nohost
2022-06-02 17:18:46.950 [info] <0.44.0> Application recon started on node nonode@nohost
2022-06-02 17:18:46.995 [info] <0.44.0> Application credentials_obfuscation started on node nonode@nohost
2022-06-02 17:18:46.995 [info] <0.44.0> Application rabbit_common started on node nonode@nohost
2022-06-02 17:18:47.003 [info] <0.44.0> Application amqp_client started on node nonode@nohost
2022-06-02 17:18:47.007 [info] <0.44.0> Application amqp started on node nonode@nohost
2022-06-02 17:18:47.007 [info] <0.44.0> Application rabbitmq_tutorials started on node nonode@nohost
2022-06-02 17:18:53.715 [info] <0.44.0> Application logger started on node nonode@nohost
2022-06-02 17:18:53.725 [info] <0.44.0> Application xmerl started on node nonode@nohost
2022-06-02 17:18:53.725 [info] <0.44.0> Application sasl started on node nonode@nohost
2022-06-02 17:18:53.725 [info] <0.44.0> Application tools started on node nonode@nohost
2022-06-02 17:18:53.725 [info] <0.44.0> Application jsx started on node nonode@nohost
2022-06-02 17:18:53.725 [info] <0.44.0> Application recon started on node nonode@nohost
2022-06-02 17:18:53.775 [info] <0.44.0> Application credentials_obfuscation started on node nonode@nohost
2022-06-02 17:18:53.775 [info] <0.44.0> Application rabbit_common started on node nonode@nohost
2022-06-02 17:18:53.782 [info] <0.44.0> Application amqp_client started on node nonode@nohost
2022-06-02 17:18:53.784 [info] <0.44.0> Application amqp started on node nonode@nohost
2022-06-02 17:18:53.785 [info] <0.44.0> Application rabbitmq_tutorials started on node nonode@nohost
2022-06-02 17:19:02.769 [info] <0.44.0> Application logger started on node nonode@nohost
2022-06-02 17:19:02.775 [info] <0.44.0> Application xmerl started on node nonode@nohost
2022-06-02 17:19:02.775 [info] <0.44.0> Application sasl started on node nonode@nohost
2022-06-02 17:19:02.775 [info] <0.44.0> Application tools started on node nonode@nohost
2022-06-02 17:19:02.775 [info] <0.44.0> Application jsx started on node nonode@nohost
2022-06-02 17:19:02.775 [info] <0.44.0> Application recon started on node nonode@nohost
2022-06-02 17:19:02.830 [info] <0.44.0> Application credentials_obfuscation started on node nonode@nohost
2022-06-02 17:19:02.830 [info] <0.44.0> Application rabbit_common started on node nonode@nohost
2022-06-02 17:19:02.838 [info] <0.44.0> Application amqp_client started on node nonode@nohost
2022-06-02 17:19:02.841 [info] <0.44.0> Application amqp started on node nonode@nohost
2022-06-02 17:19:02.841 [info] <0.44.0> Application rabbitmq_tutorials started on node nonode@nohost
2022-06-02 17:19:41.088 [info] <0.44.0> Application logger started on node nonode@nohost
2022-06-02 17:19:41.096 [info] <0.44.0> Application xmerl started on node nonode@nohost
2022-06-02 17:19:41.096 [info] <0.44.0> Application sasl started on node nonode@nohost
2022-06-02 17:19:41.096 [info] <0.44.0> Application tools started on node nonode@nohost
2022-06-02 17:19:41.096 [info] <0.44.0> Application jsx started on node nonode@nohost
2022-06-02 17:19:41.096 [info] <0.44.0> Application recon started on node nonode@nohost
2022-06-02 17:19:41.145 [info] <0.44.0> Application credentials_obfuscation started on node nonode@nohost
2022-06-02 17:19:41.145 [info] <0.44.0> Application rabbit_common started on node nonode@nohost
2022-06-02 17:19:41.158 [info] <0.44.0> Application amqp_client started on node nonode@nohost
2022-06-02 17:19:41.163 [info] <0.44.0> Application amqp started on node nonode@nohost
2022-06-02 17:19:41.163 [info] <0.44.0> Application rabbitmq_tutorials started on node nonode@nohost
2022-06-02 17:19:47.407 [info] <0.44.0> Application logger started on node nonode@nohost
2022-06-02 17:19:47.412 [info] <0.44.0> Application xmerl started on node nonode@nohost
2022-06-02 17:19:47.412 [info] <0.44.0> Application sasl started on node nonode@nohost
2022-06-02 17:19:47.412 [info] <0.44.0> Application tools started on node nonode@nohost
2022-06-02 17:19:47.412 [info] <0.44.0> Application jsx started on node nonode@nohost
2022-06-02 17:19:47.412 [info] <0.44.0> Application recon started on node nonode@nohost
2022-06-02 17:19:47.455 [info] <0.44.0> Application credentials_obfuscation started on node nonode@nohost
2022-06-02 17:19:47.455 [info] <0.44.0> Application rabbit_common started on node nonode@nohost
2022-06-02 17:19:47.465 [info] <0.44.0> Application amqp_client started on node nonode@nohost
2022-06-02 17:19:47.469 [info] <0.44.0> Application amqp started on node nonode@nohost
2022-06-02 17:19:47.469 [info] <0.44.0> Application rabbitmq_tutorials started on node nonode@nohost
2022-06-02 17:49:37.422 [info] <0.44.0> Application logger started on node nonode@nohost
2022-06-02 17:49:37.424 [info] <0.44.0> Application xmerl started on node nonode@nohost
2022-06-02 17:49:37.429 [info] <0.44.0> Application sasl started on node nonode@nohost
2022-06-02 17:49:37.429 [info] <0.44.0> Application tools started on node nonode@nohost
2022-06-02 17:49:37.429 [info] <0.44.0> Application jsx started on node nonode@nohost
2022-06-02 17:49:37.429 [info] <0.44.0> Application recon started on node nonode@nohost
2022-06-02 17:49:37.475 [info] <0.44.0> Application credentials_obfuscation started on node nonode@nohost
2022-06-02 17:49:37.475 [info] <0.44.0> Application rabbit_common started on node nonode@nohost
2022-06-02 17:49:37.488 [info] <0.44.0> Application amqp_client started on node nonode@nohost
2022-06-02 17:49:37.492 [info] <0.44.0> Application amqp started on node nonode@nohost
2022-06-02 17:49:37.492 [info] <0.44.0> Application rabbitmq_tutorials started on node nonode@nohost
2022-06-02 17:50:16.254 [info] <0.44.0> Application logger started on node nonode@nohost
2022-06-02 17:50:16.259 [info] <0.44.0> Application xmerl started on node nonode@nohost
2022-06-02 17:50:16.259 [info] <0.44.0> Application sasl started on node nonode@nohost
2022-06-02 17:50:16.259 [info] <0.44.0> Application tools started on node nonode@nohost
2022-06-02 17:50:16.259 [info] <0.44.0> Application jsx started on node nonode@nohost
2022-06-02 17:50:16.259 [info] <0.44.0> Application recon started on node nonode@nohost
2022-06-02 17:50:16.306 [info] <0.44.0> Application credentials_obfuscation started on node nonode@nohost
2022-06-02 17:50:16.306 [info] <0.44.0> Application rabbit_common started on node nonode@nohost
2022-06-02 17:50:16.319 [info] <0.44.0> Application amqp_client started on node nonode@nohost
2022-06-02 17:50:16.322 [info] <0.44.0> Application amqp started on node nonode@nohost
2022-06-02 17:50:16.322 [info] <0.44.0> Application rabbitmq_tutorials started on node nonode@nohost
2022-06-02 17:50:45.463 [info] <0.44.0> Application logger started on node nonode@nohost
2022-06-02 17:50:45.468 [info] <0.44.0> Application xmerl started on node nonode@nohost
2022-06-02 17:50:45.468 [info] <0.44.0> Application sasl started on node nonode@nohost
2022-06-02 17:50:45.468 [info] <0.44.0> Application tools started on node nonode@nohost
2022-06-02 17:50:45.468 [info] <0.44.0> Application jsx started on node nonode@nohost
2022-06-02 17:50:45.468 [info] <0.44.0> Application recon started on node nonode@nohost
2022-06-02 17:50:45.518 [info] <0.44.0> Application credentials_obfuscation started on node nonode@nohost
2022-06-02 17:50:45.518 [info] <0.44.0> Application rabbit_common started on node nonode@nohost
2022-06-02 17:50:45.527 [info] <0.44.0> Application amqp_client started on node nonode@nohost
2022-06-02 17:50:45.532 [info] <0.44.0> Application amqp started on node nonode@nohost
2022-06-02 17:50:45.532 [info] <0.44.0> Application rabbitmq_tutorials started on node nonode@nohost
2022-06-02 17:50:47.853 [info] <0.44.0> Application logger started on node nonode@nohost
2022-06-02 17:50:47.858 [info] <0.44.0> Application xmerl started on node nonode@nohost
2022-06-02 17:50:47.859 [info] <0.44.0> Application sasl started on node nonode@nohost
2022-06-02 17:50:47.859 [info] <0.44.0> Application tools started on node nonode@nohost
2022-06-02 17:50:47.859 [info] <0.44.0> Application jsx started on node nonode@nohost
2022-06-02 17:50:47.859 [info] <0.44.0> Application recon started on node nonode@nohost
2022-06-02 17:50:47.906 [info] <0.44.0> Application credentials_obfuscation started on node nonode@nohost
2022-06-02 17:50:47.906 [info] <0.44.0> Application rabbit_common started on node nonode@nohost
2022-06-02 17:50:47.920 [info] <0.44.0> Application amqp_client started on node nonode@nohost
2022-06-02 17:50:47.923 [info] <0.44.0> Application amqp started on node nonode@nohost
2022-06-02 17:50:47.923 [info] <0.44.0> Application rabbitmq_tutorials started on node nonode@nohost
2022-06-02 17:55:58.256 [info] <0.44.0> Application logger started on node nonode@nohost
2022-06-02 17:55:58.262 [info] <0.44.0> Application xmerl started on node nonode@nohost
2022-06-02 17:55:58.262 [info] <0.44.0> Application sasl started on node nonode@nohost
2022-06-02 17:55:58.262 [info] <0.44.0> Application tools started on node nonode@nohost
2022-06-02 17:55:58.263 [info] <0.44.0> Application jsx started on node nonode@nohost
2022-06-02 17:55:58.263 [info] <0.44.0> Application recon started on node nonode@nohost
2022-06-02 17:55:58.304 [info] <0.44.0> Application credentials_obfuscation started on node nonode@nohost
2022-06-02 17:55:58.305 [info] <0.44.0> Application rabbit_common started on node nonode@nohost
2022-06-02 17:55:58.312 [info] <0.44.0> Application amqp_client started on node nonode@nohost
2022-06-02 17:55:58.315 [info] <0.44.0> Application amqp started on node nonode@nohost
2022-06-02 17:55:58.315 [info] <0.44.0> Application rabbitmq_tutorials started on node nonode@nohost
2022-06-02 17:56:20.302 [info] <0.44.0> Application logger started on node nonode@nohost
2022-06-02 17:56:20.311 [info] <0.44.0> Application xmerl started on node nonode@nohost
2022-06-02 17:56:20.311 [info] <0.44.0> Application sasl started on node nonode@nohost
2022-06-02 17:56:20.312 [info] <0.44.0> Application tools started on node nonode@nohost
2022-06-02 17:56:20.313 [info] <0.44.0> Application jsx started on node nonode@nohost
2022-06-02 17:56:20.313 [info] <0.44.0> Application recon started on node nonode@nohost
2022-06-02 17:56:20.355 [info] <0.44.0> Application credentials_obfuscation started on node nonode@nohost
2022-06-02 17:56:20.355 [info] <0.44.0> Application rabbit_common started on node nonode@nohost
2022-06-02 17:56:20.365 [info] <0.44.0> Application amqp_client started on node nonode@nohost
2022-06-02 17:56:20.367 [info] <0.44.0> Application amqp started on node nonode@nohost
2022-06-02 17:56:20.367 [info] <0.44.0> Application rabbitmq_tutorials started on node nonode@nohost
2022-06-02 17:56:23.191 [info] <0.44.0> Application logger started on node nonode@nohost
2022-06-02 17:56:23.199 [info] <0.44.0> Application xmerl started on node nonode@nohost
2022-06-02 17:56:23.199 [info] <0.44.0> Application sasl started on node nonode@nohost
2022-06-02 17:56:23.201 [info] <0.44.0> Application tools started on node nonode@nohost
2022-06-02 17:56:23.201 [info] <0.44.0> Application jsx started on node nonode@nohost
2022-06-02 17:56:23.201 [info] <0.44.0> Application recon started on node nonode@nohost
2022-06-02 17:56:23.247 [info] <0.44.0> Application credentials_obfuscation started on node nonode@nohost
2022-06-02 17:56:23.248 [info] <0.44.0> Application rabbit_common started on node nonode@nohost
2022-06-02 17:56:23.257 [info] <0.44.0> Application amqp_client started on node nonode@nohost
2022-06-02 17:56:23.260 [info] <0.44.0> Application amqp started on node nonode@nohost
2022-06-02 17:56:23.260 [info] <0.44.0> Application rabbitmq_tutorials started on node nonode@nohost
2022-06-02 17:56:25.841 [info] <0.44.0> Application logger started on node nonode@nohost
2022-06-02 17:56:25.846 [info] <0.44.0> Application xmerl started on node nonode@nohost
2022-06-02 17:56:25.847 [info] <0.44.0> Application sasl started on node nonode@nohost
2022-06-02 17:56:25.847 [info] <0.44.0> Application tools started on node nonode@nohost
2022-06-02 17:56:25.848 [info] <0.44.0> Application jsx started on node nonode@nohost
2022-06-02 17:56:25.848 [info] <0.44.0> Application recon started on node nonode@nohost
2022-06-02 17:56:25.898 [info] <0.44.0> Application credentials_obfuscation started on node nonode@nohost
2022-06-02 17:56:25.898 [info] <0.44.0> Application rabbit_common started on node nonode@nohost
2022-06-02 17:56:25.907 [info] <0.44.0> Application amqp_client started on node nonode@nohost
2022-06-02 17:56:25.909 [info] <0.44.0> Application amqp started on node nonode@nohost
2022-06-02 17:56:25.909 [info] <0.44.0> Application rabbitmq_tutorials started on node nonode@nohost
2022-06-02 18:25:45.605 [info] <0.44.0> Application logger started on node nonode@nohost
2022-06-02 18:25:45.610 [info] <0.44.0> Application xmerl started on node nonode@nohost
2022-06-02 18:25:45.611 [info] <0.44.0> Application sasl started on node nonode@nohost
2022-06-02 18:25:45.611 [info] <0.44.0> Application tools started on node nonode@nohost
2022-06-02 18:25:45.611 [info] <0.44.0> Application jsx started on node nonode@nohost
2022-06-02 18:25:45.611 [info] <0.44.0> Application recon started on node nonode@nohost
2022-06-02 18:25:45.662 [info] <0.44.0> Application credentials_obfuscation started on node nonode@nohost
2022-06-02 18:25:45.662 [info] <0.44.0> Application rabbit_common started on node nonode@nohost
2022-06-02 18:25:45.671 [info] <0.44.0> Application amqp_client started on node nonode@nohost
2022-06-02 18:25:45.674 [info] <0.44.0> Application amqp started on node nonode@nohost
2022-06-02 18:25:45.674 [info] <0.44.0> Application rabbitmq_tutorials started on node nonode@nohost
2022-06-02 18:26:34.000 [info] <0.44.0> Application logger started on node nonode@nohost
2022-06-02 18:26:34.005 [info] <0.44.0> Application xmerl started on node nonode@nohost
2022-06-02 18:26:34.005 [info] <0.44.0> Application sasl started on node nonode@nohost
2022-06-02 18:26:34.005 [info] <0.44.0> Application tools started on node nonode@nohost
2022-06-02 18:26:34.006 [info] <0.44.0> Application jsx started on node nonode@nohost
2022-06-02 18:26:34.006 [info] <0.44.0> Application recon started on node nonode@nohost
2022-06-02 18:26:34.050 [info] <0.44.0> Application credentials_obfuscation started on node nonode@nohost
2022-06-02 18:26:34.050 [info] <0.44.0> Application rabbit_common started on node nonode@nohost
2022-06-02 18:26:34.064 [info] <0.44.0> Application amqp_client started on node nonode@nohost
2022-06-02 18:26:34.067 [info] <0.44.0> Application amqp started on node nonode@nohost
2022-06-02 18:26:34.067 [info] <0.44.0> Application rabbitmq_tutorials started on node nonode@nohost
2022-06-02 18:26:58.096 [info] <0.44.0> Application logger started on node nonode@nohost
2022-06-02 18:26:58.101 [info] <0.44.0> Application xmerl started on node nonode@nohost
2022-06-02 18:26:58.102 [info] <0.44.0> Application sasl started on node nonode@nohost
2022-06-02 18:26:58.102 [info] <0.44.0> Application tools started on node nonode@nohost
2022-06-02 18:26:58.102 [info] <0.44.0> Application jsx started on node nonode@nohost
2022-06-02 18:26:58.102 [info] <0.44.0> Application recon started on node nonode@nohost
2022-06-02 18:26:58.155 [info] <0.44.0> Application credentials_obfuscation started on node nonode@nohost
2022-06-02 18:26:58.155 [info] <0.44.0> Application rabbit_common started on node nonode@nohost
2022-06-02 18:26:58.163 [info] <0.44.0> Application amqp_client started on node nonode@nohost
2022-06-02 18:26:58.167 [info] <0.44.0> Application amqp started on node nonode@nohost
2022-06-02 18:26:58.167 [info] <0.44.0> Application rabbitmq_tutorials started on node nonode@nohost
2022-06-02 18:33:27.045 [info] <0.44.0> Application logger started on node nonode@nohost
2022-06-02 18:33:27.055 [info] <0.44.0> Application xmerl started on node nonode@nohost
2022-06-02 18:33:27.055 [info] <0.44.0> Application sasl started on node nonode@nohost
2022-06-02 18:33:27.055 [info] <0.44.0> Application tools started on node nonode@nohost
2022-06-02 18:33:27.056 [info] <0.44.0> Application jsx started on node nonode@nohost
2022-06-02 18:33:27.056 [info] <0.44.0> Application recon started on node nonode@nohost
2022-06-02 18:33:27.105 [info] <0.44.0> Application credentials_obfuscation started on node nonode@nohost
2022-06-02 18:33:27.105 [info] <0.44.0> Application rabbit_common started on node nonode@nohost
2022-06-02 18:33:27.112 [info] <0.44.0> Application amqp_client started on node nonode@nohost
2022-06-02 18:33:27.115 [info] <0.44.0> Application amqp started on node nonode@nohost
2022-06-02 18:33:27.115 [info] <0.44.0> Application rabbitmq_tutorials started on node nonode@nohost
2022-06-02 18:36:30.065 [info] <0.44.0> Application logger started on node nonode@nohost
2022-06-02 18:36:30.071 [info] <0.44.0> Application xmerl started on node nonode@nohost
2022-06-02 18:36:30.071 [info] <0.44.0> Application sasl started on node nonode@nohost
2022-06-02 18:36:30.071 [info] <0.44.0> Application tools started on node nonode@nohost
2022-06-02 18:36:30.071 [info] <0.44.0> Application jsx started on node nonode@nohost
2022-06-02 18:36:30.071 [info] <0.44.0> Application recon started on node nonode@nohost
2022-06-02 18:36:30.114 [info] <0.44.0> Application credentials_obfuscation started on node nonode@nohost
2022-06-02 18:36:30.114 [info] <0.44.0> Application rabbit_common started on node nonode@nohost
2022-06-02 18:36:30.121 [info] <0.44.0> Application amqp_client started on node nonode@nohost
2022-06-02 18:36:30.123 [info] <0.44.0> Application amqp started on node nonode@nohost
2022-06-02 18:36:30.123 [info] <0.44.0> Application rabbitmq_tutorials started on node nonode@nohost
